SF:src/emu/__init__.py
DA:21,1
DA:23,1
LF:2
LH:2
end_of_record
SF:src/emu/__version__.py
DA:6,1
DA:7,1
DA:8,1
LF:3
LH:3
end_of_record
SF:src/emu/cli.py
DA:7,0
DA:8,0
DA:10,0
DA:11,0
DA:12,0
DA:13,0
DA:15,0
DA:16,0
DA:18,0
DA:20,0
DA:22,0
DA:28,0
DA:42,0
DA:43,0
DA:44,0
DA:45,0
DA:46,0
DA:47,0
DA:50,0
DA:59,0
DA:60,0
DA:62,0
DA:64,0
DA:65,0
DA:66,0
DA:67,0
DA:69,0
DA:70,0
DA:71,0
DA:74,0
DA:83,0
DA:84,0
DA:85,0
DA:86,0
DA:87,0
DA:88,0
DA:89,0
DA:90,0
DA:92,0
DA:94,0
DA:95,0
DA:96,0
DA:97,0
DA:98,0
DA:99,0
DA:100,0
DA:101,0
DA:104,0
DA:105,0
DA:108,0
DA:109,0
DA:111,0
DA:112,0
DA:125,0
DA:126,0
DA:127,0
DA:135,0
DA:138,0
DA:139,0
DA:141,0
DA:144,0
DA:145,0
DA:147,0
DA:150,0
DA:151,0
DA:152,0
DA:153,0
DA:154,0
DA:155,0
DA:156,0
DA:157,0
DA:158,0
DA:159,0
DA:160,0
DA:161,0
DA:162,0
DA:163,0
DA:164,0
DA:213,0
DA:214,0
DA:215,0
DA:216,0
DA:230,0
DA:231,0
DA:232,0
DA:237,0
DA:239,0
DA:240,0
DA:241,0
DA:242,0
DA:243,0
DA:244,0
DA:245,0
DA:246,0
DA:247,0
DA:248,0
DA:250,0
DA:251,0
DA:252,0
DA:254,0
DA:257,0
LF:101
LH:0
FN:28,47,write_user_config
FNDA:0,write_user_config
FN:50,71,get_host
FNDA:0,get_host
FN:74,101,run_process_action
FNDA:0,run_process_action
FN:104,122,_run
FNDA:0,_run
FN:127,135,cli
FNDA:0,cli
FN:139,141,status
FNDA:0,status
FN:145,147,stop
FNDA:0,stop
FN:164,257,start
FNDA:0,start
FNF:8
FNH:0
end_of_record
SF:src/emu/exceptions.py
DA:1,1
DA:4,1
DA:5,1
DA:7,1
DA:8,0
DA:9,0
DA:10,0
DA:12,0
DA:15,1
DA:16,1
DA:19,1
DA:20,1
DA:22,1
DA:23,0
DA:24,0
DA:25,0
DA:27,0
LF:17
LH:9
FN:7,12,StorageLimitExceeded.__init__
FNDA:0,StorageLimitExceeded.__init__
FN:22,27,DryRunWarning.__init__
FNDA:0,DryRunWarning.__init__
FNF:2
FNH:0
end_of_record
SF:src/emu/processes/__init__.py
DA:1,1
DA:2,1
DA:3,1
DA:4,1
DA:5,1
DA:6,1
DA:7,1
DA:8,1
DA:9,1
DA:10,1
DA:11,1
DA:12,1
DA:13,1
DA:14,1
DA:15,1
DA:16,1
DA:17,1
DA:18,1
DA:19,1
DA:20,1
DA:21,1
DA:22,1
DA:23,1
DA:26,1
LF:24
LH:24
end_of_record
SF:src/emu/processes/wps_bbox.py
DA:1,1
DA:2,1
DA:4,1
DA:6,1
DA:8,1
DA:9,1
DA:12,1
DA:13,1
DA:14,1
DA:20,1
DA:26,1
DA:43,1
DA:44,1
DA:45,1
DA:47,1
DA:48,1
DA:49,1
DA:51,1
DA:52,1
LF:19
LH:19
FN:13,41,Box.__init__
FNDA:1,Box.__init__
FN:44,52,Box._handler
FNDA:1,Box._handler
FNF:2
FNH:2
end_of_record
SF:src/emu/processes/wps_binaryoperator.py
DA:1,1
DA:2,1
DA:3,1
DA:5,1
DA:6,1
DA:9,1
DA:10,1
DA:11,1
DA:22,1
DA:26,1
DA:45,1
DA:46,1
DA:47,0
DA:49,0
DA:50,0
DA:51,0
DA:52,0
DA:54,0
DA:55,0
DA:56,0
DA:57,0
DA:58,0
DA:59,0
DA:61,0
DA:63,0
DA:64,0
LF:26
LH:12
FN:10,43,BinaryOperator.__init__
FNDA:1,BinaryOperator.__init__
FN:46,64,BinaryOperator._handler
FNDA:0,BinaryOperator._handler
FNF:2
FNH:1
end_of_record
SF:src/emu/processes/wps_chomsky.py
DA:1,1
DA:2,1
DA:4,1
DA:5,1
DA:7,1
DA:44,1
DA:64,1
DA:83,1
DA:103,1
DA:120,1
DA:121,1
DA:126,1
DA:131,1
DA:142,1
DA:143,1
DA:144,1
DA:145,1
DA:147,1
DA:149,1
DA:150,1
DA:151,1
DA:152,1
DA:153,1
DA:154,1
DA:155,1
DA:156,1
DA:158,1
DA:159,1
DA:160,1
DA:162,1
DA:163,1
LF:31
LH:31
FN:120,140,Chomsky.__init__
FNDA:1,Chomsky.__init__
FN:142,163,Chomsky._handler
FNDA:1,Chomsky._handler
FN:149,156,Chomsky._handler.chomsky
FNDA:1,Chomsky._handler.chomsky
FNF:3
FNH:3
end_of_record
SF:src/emu/processes/wps_dry_run.py
DA:1,1
DA:2,1
DA:3,1
DA:4,1
DA:6,1
DA:8,1
DA:9,1
DA:12,1
DA:14,1
DA:15,1
DA:25,1
DA:29,1
DA:46,1
DA:47,1
DA:49,0
DA:51,0
DA:53,0
DA:54,0
DA:55,0
DA:57,0
DA:58,0
DA:60,0
DA:61,0
DA:62,0
LF:24
LH:14
FN:14,44,SimpleDryRun.__init__
FNDA:1,SimpleDryRun.__init__
FN:47,62,SimpleDryRun._handler
FNDA:0,SimpleDryRun._handler
FNF:2
FNH:1
end_of_record
SF:src/emu/processes/wps_dummy.py
DA:6,1
DA:8,1
DA:9,1
DA:12,1
DA:13,1
DA:14,1
DA:20,1
DA:27,1
DA:39,1
DA:40,1
DA:41,1
DA:43,1
DA:44,1
DA:45,1
DA:46,1
DA:48,1
DA:49,1
LF:17
LH:17
FN:13,37,Dummy.__init__
FNDA:1,Dummy.__init__
FN:40,49,Dummy._handler
FNDA:1,Dummy._handler
FNF:2
FNH:2
end_of_record
SF:src/emu/processes/wps_error.py
DA:1,1
DA:2,1
DA:3,1
DA:4,1
DA:6,1
DA:7,1
DA:10,1
DA:22,1
DA:23,1
DA:33,1
DA:52,1
DA:53,1
DA:54,0
DA:56,0
DA:57,0
DA:58,0
DA:60,0
LF:17
LH:12
FN:22,50,ShowError.__init__
FNDA:1,ShowError.__init__
FN:53,60,ShowError._handler
FNDA:0,ShowError._handler
FNF:2
FNH:1
end_of_record
SF:src/emu/processes/wps_esgf.py
DA:1,1
DA:3,1
DA:4,1
DA:5,1
DA:7,1
DA:10,1
DA:11,1
DA:12,1
DA:29,1
DA:34,1
DA:54,1
DA:55,1
DA:56,0
DA:58,0
DA:59,0
DA:61,0
DA:62,0
DA:63,0
DA:65,0
DA:66,0
DA:67,0
DA:68,0
DA:69,0
DA:70,0
DA:72,0
DA:73,0
LF:26
LH:12
FN:11,52,ESGFDemo.__init__
FNDA:1,ESGFDemo.__init__
FN:55,73,ESGFDemo._handler
FNDA:0,ESGFDemo._handler
FNF:2
FNH:1
end_of_record
SF:src/emu/processes/wps_geodata.py
DA:6,1
DA:7,1
DA:8,1
DA:9,1
DA:10,1
DA:13,1
DA:15,1
DA:17,1
DA:20,1
DA:21,1
DA:22,1
DA:29,1
DA:46,1
DA:58,1
DA:59,1
DA:60,1
DA:61,1
DA:63,1
DA:64,0
DA:65,0
DA:67,1
DA:69,1
DA:71,1
DA:73,1
LF:24
LH:22
FN:21,56,GeoData.__init__
FNDA:1,GeoData.__init__
FN:59,73,GeoData._handler
FNDA:1,GeoData._handler
FNF:2
FNH:2
end_of_record
SF:src/emu/processes/wps_inout.py
DA:1,1
DA:2,1
DA:3,1
DA:4,1
DA:5,1
DA:7,1
DA:8,1
DA:9,1
DA:10,1
DA:11,1
DA:12,1
DA:15,1
DA:16,1
DA:19,1
DA:26,1
DA:27,1
DA:121,1
DA:153,1
DA:171,1
DA:172,1
DA:173,1
DA:175,1
DA:176,1
DA:177,1
DA:178,1
DA:179,1
DA:180,1
DA:181,1
DA:182,1
DA:183,1
DA:185,1
DA:186,1
DA:189,0
DA:190,1
DA:192,1
DA:194,1
DA:199,1
DA:200,1
DA:201,1
DA:203,0
DA:205,1
DA:206,1
DA:207,1
DA:209,0
DA:210,0
DA:211,1
DA:213,1
DA:214,1
LF:48
LH:44
FN:26,169,InOut.__init__
FNDA:1,InOut.__init__
FN:172,214,InOut._handler
FNDA:1,InOut._handler
FNF:2
FNH:2
end_of_record
SF:src/emu/processes/wps_multiple_outputs.py
DA:1,1
DA:2,1
DA:3,1
DA:4,1
DA:5,1
DA:6,1
DA:7,1
DA:9,1
DA:10,1
DA:13,1
DA:14,1
DA:15,1
DA:21,1
DA:32,1
DA:50,1
DA:51,1
DA:53,1
DA:54,1
DA:57,1
DA:58,1
DA:59,1
DA:60,1
DA:61,1
DA:62,1
DA:65,1
DA:66,1
DA:67,1
DA:68,1
DA:69,1
DA:70,1
DA:72,1
DA:73,1
LF:32
LH:32
FN:14,48,MultipleOutputs.__init__
FNDA:1,MultipleOutputs.__init__
FN:50,73,MultipleOutputs._handler
FNDA:1,MultipleOutputs._handler
FNF:2
FNH:2
end_of_record
SF:src/emu/processes/wps_nap.py
DA:1,1
DA:2,1
DA:3,1
DA:6,1
DA:7,1
DA:8,1
DA:12,1
DA:16,1
DA:37,1
DA:38,1
DA:39,0
DA:41,0
DA:42,0
DA:43,0
DA:45,0
DA:47,0
DA:48,0
DA:49,0
DA:50,0
DA:51,0
DA:52,0
DA:53,0
DA:54,0
DA:55,0
DA:57,0
DA:58,0
LF:26
LH:10
FN:7,35,Nap.__init__
FNDA:1,Nap.__init__
FN:38,58,Nap._handler
FNDA:0,Nap._handler
FNF:2
FNH:1
end_of_record
SF:src/emu/processes/wps_nc_to_dap.py
DA:1,1
DA:2,1
DA:3,1
DA:4,1
DA:5,1
DA:8,1
DA:14,1
DA:15,1
DA:16,0
DA:23,0
DA:29,0
DA:45,1
DA:46,1
DA:47,0
DA:50,0
DA:51,0
DA:53,0
DA:55,0
LF:18
LH:10
FN:15,43,NcToDap.__init__
FNDA:0,NcToDap.__init__
FN:46,55,NcToDap._handler
FNDA:0,NcToDap._handler
FNF:2
FNH:0
end_of_record
SF:src/emu/processes/wps_ncmeta.py
DA:1,1
DA:3,1
DA:4,1
DA:5,1
DA:6,1
DA:7,1
DA:9,1
DA:11,1
DA:12,1
DA:15,1
DA:18,1
DA:24,1
DA:25,1
DA:42,1
DA:47,1
DA:63,1
DA:66,1
DA:68,1
DA:69,1
DA:70,1
DA:72,1
DA:73,1
DA:74,1
DA:75,1
DA:76,1
DA:77,1
DA:78,1
DA:79,1
DA:80,1
DA:82,1
DA:83,1
LF:31
LH:31
FN:24,61,NCMeta.__init__
FNDA:1,NCMeta.__init__
FN:63,83,NCMeta._handler
FNDA:1,NCMeta._handler
FNF:2
FNH:2
end_of_record
SF:src/emu/processes/wps_ncml.py
DA:1,1
DA:2,1
DA:3,1
DA:4,1
DA:5,1
DA:6,1
DA:9,1
DA:12,1
DA:13,1
DA:14,1
DA:15,1
DA:27,1
DA:43,1
DA:46,1
DA:49,1
DA:50,1
DA:52,1
DA:53,1
DA:56,1
DA:65,1
DA:66,1
DA:68,1
DA:70,1
LF:23
LH:23
FN:13,41,NcMLAgg.__init__
FNDA:1,NcMLAgg.__init__
FN:43,70,NcMLAgg._handler
FNDA:1,NcMLAgg._handler
FNF:2
FNH:2
end_of_record
SF:src/emu/processes/wps_nonpyid.py
DA:6,1
DA:8,1
DA:9,1
DA:12,1
DA:13,1
DA:14,1
DA:20,1
DA:27,1
DA:40,1
DA:41,1
DA:42,1
DA:44,1
DA:45,1
DA:46,1
DA:47,1
DA:49,1
DA:50,1
LF:17
LH:17
FN:13,38,NonPyID.__init__
FNDA:1,NonPyID.__init__
FN:41,50,NonPyID._handler
FNDA:1,NonPyID._handler
FNF:2
FNH:2
end_of_record
SF:src/emu/processes/wps_output_formats.py
DA:6,1
DA:7,1
DA:9,1
DA:11,1
DA:14,1
DA:17,1
DA:18,1
DA:19,1
DA:20,1
DA:31,1
DA:44,1
DA:45,1
DA:46,1
DA:48,1
DA:49,1
DA:50,0
DA:52,1
DA:54,1
DA:55,1
DA:56,0
DA:58,1
DA:60,1
DA:61,1
LF:23
LH:21
FN:18,42,OutputFormats.__init__
FNDA:1,OutputFormats.__init__
FN:45,61,OutputFormats._handler
FNDA:1,OutputFormats._handler
FNF:2
FNH:2
end_of_record
SF:src/emu/processes/wps_pandas.py
DA:1,1
DA:3,1
DA:4,1
DA:6,1
DA:9,1
DA:15,1
DA:16,1
DA:20,1
DA:25,1
DA:39,1
DA:41,1
DA:43,1
DA:45,1
DA:47,1
DA:49,1
DA:50,1
LF:16
LH:16
FN:15,37,Pandas.__init__
FNDA:1,Pandas.__init__
FN:39,50,Pandas._handler
FNDA:1,Pandas._handler
FNF:2
FNH:2
end_of_record
SF:src/emu/processes/wps_poly_centroid.py
DA:6,1
DA:7,1
DA:8,1
DA:9,1
DA:12,1
DA:13,1
DA:14,1
DA:22,1
DA:27,1
DA:41,1
DA:42,1
DA:43,1
DA:44,1
DA:45,1
DA:47,1
DA:49,1
DA:50,1
DA:51,1
DA:54,1
DA:55,1
DA:57,0
DA:59,0
DA:60,0
DA:61,0
DA:62,0
DA:64,1
DA:66,1
DA:67,1
DA:68,1
DA:69,1
DA:72,1
DA:75,1
DA:76,1
DA:78,0
DA:79,0
DA:80,0
DA:81,0
DA:83,0
DA:86,1
DA:87,1
DA:88,1
DA:89,1
DA:91,1
DA:93,1
DA:94,1
LF:45
LH:35
FN:13,39,PolyCentroid.__init__
FNDA:1,PolyCentroid.__init__
FN:42,94,PolyCentroid._handler
FNDA:1,PolyCentroid._handler
FNF:2
FNH:2
end_of_record
SF:src/emu/processes/wps_say_hello.py
DA:3,1
DA:4,1
DA:6,1
DA:8,1
DA:11,1
DA:14,1
DA:15,1
DA:16,1
DA:22,1
DA:41,1
DA:42,1
DA:43,1
DA:44,1
DA:45,1
DA:46,1
LF:15
LH:15
FN:14,39,SayHello.__init__
FNDA:1,SayHello.__init__
FN:42,46,SayHello._handler
FNDA:1,SayHello._handler
FNF:2
FNH:2
end_of_record
SF:src/emu/processes/wps_show_defaults.py
DA:1,1
DA:3,1
DA:4,1
DA:6,1
DA:7,1
DA:10,1
DA:14,1
DA:15,1
DA:44,1
DA:52,1
DA:64,1
DA:65,1
DA:66,1
DA:68,1
DA:69,1
DA:71,0
DA:73,1
DA:79,1
DA:80,1
LF:19
LH:18
FN:14,62,ShowDefaults.__init__
FNDA:1,ShowDefaults.__init__
FN:65,80,ShowDefaults._handler
FNDA:1,ShowDefaults._handler
FNF:2
FNH:2
end_of_record
SF:src/emu/processes/wps_sleep.py
DA:1,1
DA:2,1
DA:3,1
DA:6,1
DA:8,1
DA:9,1
DA:13,1
DA:17,1
DA:37,1
DA:38,1
DA:39,1
DA:41,1
DA:42,1
DA:44,0
DA:46,1
DA:47,1
DA:48,1
DA:49,1
DA:50,1
DA:51,1
DA:52,1
DA:53,1
DA:54,1
DA:55,1
DA:56,1
DA:58,1
DA:59,1
LF:27
LH:26
FN:8,35,Sleep.__init__
FNDA:1,Sleep.__init__
FN:38,59,Sleep._handler
FNDA:1,Sleep._handler
FNF:2
FNH:2
end_of_record
SF:src/emu/processes/wps_translation.py
DA:4,1
DA:6,1
DA:7,1
DA:10,1
DA:11,1
DA:12,1
DA:20,1
DA:29,1
DA:50,1
DA:51,1
DA:52,1
DA:54,1
DA:55,1
DA:57,1
DA:58,1
LF:15
LH:15
FN:11,48,Translation.__init__
FNDA:1,Translation.__init__
FN:51,58,Translation._handler
FNDA:1,Translation._handler
FNF:2
FNH:2
end_of_record
SF:src/emu/processes/wps_ultimate_question.py
DA:1,1
DA:2,1
DA:5,1
DA:6,1
DA:7,1
DA:8,1
DA:10,1
DA:24,1
DA:25,1
DA:26,1
DA:27,1
DA:28,1
DA:29,1
DA:31,1
DA:32,1
DA:33,1
DA:34,1
DA:35,1
DA:36,1
DA:37,1
DA:38,1
DA:39,1
DA:40,1
DA:42,1
DA:43,1
LF:25
LH:25
FN:6,22,UltimateQuestion.__init__
FNDA:1,UltimateQuestion.__init__
FN:25,43,UltimateQuestion._handler
FNDA:1,UltimateQuestion._handler
FNF:2
FNH:2
end_of_record
SF:src/emu/processes/wps_wordcounter.py
DA:1,1
DA:2,1
DA:3,1
DA:4,1
DA:6,1
DA:7,1
DA:9,1
DA:12,1
DA:18,1
DA:19,1
DA:24,1
DA:29,1
DA:45,1
DA:46,1
DA:48,1
DA:50,1
DA:51,1
DA:52,1
DA:53,1
DA:55,1
DA:56,1
DA:59,1
DA:61,1
DA:62,1
LF:24
LH:24
FN:18,43,WordCounter.__init__
FNDA:1,WordCounter.__init__
FN:45,62,WordCounter._handler
FNDA:1,WordCounter._handler
FN:50,53,WordCounter._handler.words
FNDA:1,WordCounter._handler.words
FNF:3
FNH:3
end_of_record
SF:src/emu/wsgi.py
DA:3,1
DA:4,1
DA:6,1
DA:8,1
DA:11,1
DA:25,1
DA:26,1
DA:27,0
DA:28,1
DA:29,0
DA:30,1
DA:31,1
DA:34,1
LF:13
LH:11
FN:11,31,create_app
FNDA:1,create_app
FNF:1
FNH:1
end_of_record
